# JRE version: OpenJDK Runtime Environment (11.0.10) (build 11.0.10+0-b96-7249189)
# Java VM: OpenJDK 64-Bit Server VM (11.0.10+0-b96-7249189, mixed mode, tiered, compressed oops, g1 gc, windows-amd64)
Heap:
 garbage-first heap   total 355328K, used 163457K [0x00000000e0000000, 0x0000000100000000)
  region size 1024K, 3 young (3072K), 3 survivors (3072K)
 Metaspace       used 104084K, capacity 106880K, committed 107012K, reserved 348160K
  class space    used 13271K, capacity 14366K, committed 14464K, reserved 253952K
GC Heap History (20 events):
Event: 53.852 GC heap after
{Heap after GC invocations=110 (full 0):
 garbage-first heap   total 262144K, used 229698K [0x00000000e0000000, 0x0000000100000000)
  region size 1024K, 1 young (1024K), 1 survivors (1024K)
 Metaspace       used 104063K, capacity 106878K, committed 107012K, reserved 348160K
  class space    used 13270K, capacity 14366K, committed 14464K, reserved 253952K
}
Event: 53.937 GC heap before
{Heap before GC invocations=110 (full 0):
 garbage-first heap   total 262144K, used 237890K [0x00000000e0000000, 0x0000000100000000)
  region size 1024K, 12 young (12288K), 1 survivors (1024K)
 Metaspace       used 104065K, capacity 106878K, committed 107012K, reserved 348160K
  class space    used 13270K, capacity 14366K, committed 14464K, reserved 253952K
}
Event: 53.940 GC heap after
{Heap after GC invocations=111 (full 0):
 garbage-first heap   total 262144K, used 227740K [0x00000000e0000000, 0x0000000100000000)
  region size 1024K, 2 young (2048K), 2 survivors (2048K)
 Metaspace       used 104065K, capacity 106878K, committed 107012K, reserved 348160K
  class space    used 13270K, capacity 14366K, committed 14464K, reserved 253952K
}
Event: 53.983 GC heap before
{Heap before GC invocations=111 (full 0):
 garbage-first heap   total 262144K, used 237980K [0x00000000e0000000, 0x0000000100000000)
  region size 1024K, 12 young (12288K), 2 survivors (2048K)
 Metaspace       used 104065K, capacity 106878K, committed 107012K, reserved 348160K
  class space    used 13270K, capacity 14366K, committed 14464K, reserved 253952K
}
Event: 53.987 GC heap after
{Heap after GC invocations=112 (full 0):
 garbage-first heap   total 262144K, used 229056K [0x00000000e0000000, 0x0000000100000000)
  region size 1024K, 2 young (2048K), 2 survivors (2048K)
 Metaspace       used 104065K, capacity 106878K, committed 107012K, reserved 348160K
  class space    used 13270K, capacity 14366K, committed 14464K, reserved 253952K
}
Event: 54.026 GC heap before
{Heap before GC invocations=112 (full 0):
 garbage-first heap   total 262144K, used 239296K [0x00000000e0000000, 0x0000000100000000)
  region size 1024K, 12 young (12288K), 2 survivors (2048K)
 Metaspace       used 104067K, capacity 106878K, committed 107012K, reserved 348160K
  class space    used 13270K, capacity 14366K, committed 14464K, reserved 253952K
}
Event: 54.030 GC heap after
{Heap after GC invocations=113 (full 0):
 garbage-first heap   total 262144K, used 229706K [0x00000000e0000000, 0x0000000100000000)
  region size 1024K, 1 young (1024K), 1 survivors (1024K)
 Metaspace       used 104067K, capacity 106878K, committed 107012K, reserved 348160K
  class space    used 13270K, capacity 14366K, committed 14464K, reserved 253952K
}
Event: 54.051 GC heap before
{Heap before GC invocations=114 (full 0):
 garbage-first heap   total 262144K, used 240970K [0x00000000e0000000, 0x0000000100000000)
  region size 1024K, 12 young (12288K), 1 survivors (1024K)
 Metaspace       used 104068K, capacity 106878K, committed 107012K, reserved 348160K
  class space    used 13270K, capacity 14366K, committed 14464K, reserved 253952K
}
Event: 54.055 GC heap after
{Heap after GC invocations=115 (full 0):
 garbage-first heap   total 262144K, used 230009K [0x00000000e0000000, 0x0000000100000000)
  region size 1024K, 2 young (2048K), 2 survivors (2048K)
 Metaspace       used 104068K, capacity 106878K, committed 107012K, reserved 348160K
  class space    used 13270K, capacity 14366K, committed 14464K, reserved 253952K
}
Event: 54.072 GC heap before
{Heap before GC invocations=115 (full 0):
 garbage-first heap   total 262144K, used 240249K [0x00000000e0000000, 0x0000000100000000)
  region size 1024K, 12 young (12288K), 2 survivors (2048K)
 Metaspace       used 104068K, capacity 106878K, committed 107012K, reserved 348160K
  class space    used 13270K, capacity 14366K, committed 14464K, reserved 253952K
}
Event: 54.077 GC heap after
{Heap after GC invocations=116 (full 0):
 garbage-first heap   total 262144K, used 205639K [0x00000000e0000000, 0x0000000100000000)
  region size 1024K, 1 young (1024K), 1 survivors (1024K)
 Metaspace       used 104068K, capacity 106878K, committed 107012K, reserved 348160K
  class space    used 13270K, capacity 14366K, committed 14464K, reserved 253952K
}
Event: 54.143 GC heap before
{Heap before GC invocations=116 (full 0):
 garbage-first heap   total 262144K, used 216903K [0x00000000e0000000, 0x0000000100000000)
  region size 1024K, 12 young (12288K), 1 survivors (1024K)
 Metaspace       used 104068K, capacity 106878K, committed 107012K, reserved 348160K
  class space    used 13270K, capacity 14366K, committed 14464K, reserved 253952K
}
Event: 54.153 GC heap after
{Heap after GC invocations=117 (full 0):
 garbage-first heap   total 290816K, used 184984K [0x00000000e0000000, 0x0000000100000000)
  region size 1024K, 2 young (2048K), 2 survivors (2048K)
 Metaspace       used 104068K, capacity 106878K, committed 107012K, reserved 348160K
  class space    used 13270K, capacity 14366K, committed 14464K, reserved 253952K
}
Event: 54.199 GC heap before
{Heap before GC invocations=117 (full 0):
 garbage-first heap   total 290816K, used 197272K [0x00000000e0000000, 0x0000000100000000)
  region size 1024K, 14 young (14336K), 2 survivors (2048K)
 Metaspace       used 104071K, capacity 106878K, committed 107012K, reserved 348160K
  class space    used 13270K, capacity 14366K, committed 14464K, reserved 253952K
}
Event: 54.218 GC heap after
{Heap after GC invocations=118 (full 0):
 garbage-first heap   total 290816K, used 165884K [0x00000000e0000000, 0x0000000100000000)
  region size 1024K, 2 young (2048K), 2 survivors (2048K)
 Metaspace       used 104071K, capacity 106878K, committed 107012K, reserved 348160K
  class space    used 13270K, capacity 14366K, committed 14464K, reserved 253952K
}
Event: 54.245 GC heap before
{Heap before GC invocations=118 (full 0):
 garbage-first heap   total 290816K, used 178172K [0x00000000e0000000, 0x0000000100000000)
  region size 1024K, 14 young (14336K), 2 survivors (2048K)
 Metaspace       used 104072K, capacity 106878K, committed 107012K, reserved 348160K
  class space    used 13270K, capacity 14366K, committed 14464K, reserved 253952K
}
Event: 54.261 GC heap after
{Heap after GC invocations=119 (full 0):
 garbage-first heap   total 290816K, used 154115K [0x00000000e0000000, 0x0000000100000000)
  region size 1024K, 2 young (2048K), 2 survivors (2048K)
 Metaspace       used 104072K, capacity 106878K, committed 107012K, reserved 348160K
  class space    used 13270K, capacity 14366K, committed 14464K, reserved 253952K
}
Event: 54.402 GC heap before
{Heap before GC invocations=119 (full 0):
 garbage-first heap   total 290816K, used 203267K [0x00000000e0000000, 0x0000000100000000)
  region size 1024K, 50 young (51200K), 2 survivors (2048K)
 Metaspace       used 104081K, capacity 106880K, committed 107012K, reserved 348160K
  class space    used 13271K, capacity 14366K, committed 14464K, reserved 253952K
}
Event: 54.412 GC heap after
{Heap after GC invocations=120 (full 0):
 garbage-first heap   total 290816K, used 161023K [0x00000000e0000000, 0x0000000100000000)
  region size 1024K, 6 young (6144K), 6 survivors (6144K)
 Metaspace       used 104081K, capacity 106880K, committed 107012K, reserved 348160K
  class space    used 13271K, capacity 14366K, committed 14464K, reserved 253952K
}
Event: 54.514 GC heap before
{Heap before GC invocations=120 (full 0):
 garbage-first heap   total 290816K, used 208127K [0x00000000e0000000, 0x0000000100000000)
  region size 1024K, 52 young (53248K), 6 survivors (6144K)
 Metaspace       used 104084K, capacity 106880K, committed 107012K, reserved 348160K
  class space    used 13271K, capacity 14366K, committed 14464K, reserved 253952K
}

