# JRE version: OpenJDK Runtime Environment (11.0.10) (build 11.0.10+0-b96-7249189)
# Java VM: OpenJDK 64-Bit Server VM (11.0.10+0-b96-7249189, mixed mode, tiered, compressed oops, g1 gc, windows-amd64)
Heap:
 garbage-first heap   total 393216K, used 234233K [0x00000000e0000000, 0x0000000100000000)
  region size 1024K, 5 young (5120K), 5 survivors (5120K)
 Metaspace       used 135228K, capacity 138709K, committed 138840K, reserved 376832K
  class space    used 16394K, capacity 17666K, committed 17752K, reserved 253952K
GC Heap History (20 events):
Event: 671.774 GC heap after
{Heap after GC invocations=118 (full 0):
 garbage-first heap   total 359424K, used 225310K [0x00000000e0000000, 0x0000000100000000)
  region size 1024K, 3 young (3072K), 3 survivors (3072K)
 Metaspace       used 135161K, capacity 138624K, committed 138840K, reserved 376832K
  class space    used 16388K, capacity 17660K, committed 17752K, reserved 253952K
}
Event: 671.798 GC heap before
{Heap before GC invocations=118 (full 0):
 garbage-first heap   total 359424K, used 238622K [0x00000000e0000000, 0x0000000100000000)
  region size 1024K, 17 young (17408K), 3 survivors (3072K)
 Metaspace       used 135163K, capacity 138624K, committed 138840K, reserved 376832K
  class space    used 16388K, capacity 17660K, committed 17752K, reserved 253952K
}
Event: 671.850 GC heap after
{Heap after GC invocations=119 (full 0):
 garbage-first heap   total 359424K, used 214991K [0x00000000e0000000, 0x0000000100000000)
  region size 1024K, 1 young (1024K), 1 survivors (1024K)
 Metaspace       used 135163K, capacity 138624K, committed 138840K, reserved 376832K
  class space    used 16388K, capacity 17660K, committed 17752K, reserved 253952K
}
Event: 671.990 GC heap before
{Heap before GC invocations=119 (full 0):
 garbage-first heap   total 359424K, used 296911K [0x00000000e0000000, 0x0000000100000000)
  region size 1024K, 82 young (83968K), 1 survivors (1024K)
 Metaspace       used 135168K, capacity 138625K, committed 138840K, reserved 376832K
  class space    used 16388K, capacity 17660K, committed 17752K, reserved 253952K
}
Event: 672.000 GC heap after
{Heap after GC invocations=120 (full 0):
 garbage-first heap   total 359424K, used 217947K [0x00000000e0000000, 0x0000000100000000)
  region size 1024K, 4 young (4096K), 4 survivors (4096K)
 Metaspace       used 135168K, capacity 138625K, committed 138840K, reserved 376832K
  class space    used 16388K, capacity 17660K, committed 17752K, reserved 253952K
}
Event: 672.194 GC heap before
{Heap before GC invocations=120 (full 0):
 garbage-first heap   total 359424K, used 300891K [0x00000000e0000000, 0x0000000100000000)
  region size 1024K, 85 young (87040K), 4 survivors (4096K)
 Metaspace       used 135175K, capacity 138625K, committed 138840K, reserved 376832K
  class space    used 16388K, capacity 17660K, committed 17752K, reserved 253952K
}
Event: 672.202 GC heap after
{Heap after GC invocations=121 (full 0):
 garbage-first heap   total 359424K, used 221122K [0x00000000e0000000, 0x0000000100000000)
  region size 1024K, 6 young (6144K), 6 survivors (6144K)
 Metaspace       used 135175K, capacity 138625K, committed 138840K, reserved 376832K
  class space    used 16388K, capacity 17660K, committed 17752K, reserved 253952K
}
Event: 672.330 GC heap before
{Heap before GC invocations=121 (full 0):
 garbage-first heap   total 359424K, used 303042K [0x00000000e0000000, 0x0000000100000000)
  region size 1024K, 86 young (88064K), 6 survivors (6144K)
 Metaspace       used 135175K, capacity 138625K, committed 138840K, reserved 376832K
  class space    used 16388K, capacity 17660K, committed 17752K, reserved 253952K
}
Event: 672.338 GC heap after
{Heap after GC invocations=122 (full 0):
 garbage-first heap   total 359424K, used 222297K [0x00000000e0000000, 0x0000000100000000)
  region size 1024K, 8 young (8192K), 8 survivors (8192K)
 Metaspace       used 135175K, capacity 138625K, committed 138840K, reserved 376832K
  class space    used 16388K, capacity 17660K, committed 17752K, reserved 253952K
}
Event: 672.450 GC heap before
{Heap before GC invocations=122 (full 0):
 garbage-first heap   total 359424K, used 304217K [0x00000000e0000000, 0x0000000100000000)
  region size 1024K, 88 young (90112K), 8 survivors (8192K)
 Metaspace       used 135177K, capacity 138625K, committed 138840K, reserved 376832K
  class space    used 16388K, capacity 17660K, committed 17752K, reserved 253952K
}
Event: 672.460 GC heap after
{Heap after GC invocations=123 (full 0):
 garbage-first heap   total 359424K, used 223333K [0x00000000e0000000, 0x0000000100000000)
  region size 1024K, 7 young (7168K), 7 survivors (7168K)
 Metaspace       used 135177K, capacity 138625K, committed 138840K, reserved 376832K
  class space    used 16388K, capacity 17660K, committed 17752K, reserved 253952K
}
Event: 672.607 GC heap before
{Heap before GC invocations=123 (full 0):
 garbage-first heap   total 359424K, used 306277K [0x00000000e0000000, 0x0000000100000000)
  region size 1024K, 88 young (90112K), 7 survivors (7168K)
 Metaspace       used 135177K, capacity 138625K, committed 138840K, reserved 376832K
  class space    used 16388K, capacity 17660K, committed 17752K, reserved 253952K
}
Event: 672.616 GC heap after
{Heap after GC invocations=124 (full 0):
 garbage-first heap   total 359424K, used 225320K [0x00000000e0000000, 0x0000000100000000)
  region size 1024K, 6 young (6144K), 6 survivors (6144K)
 Metaspace       used 135177K, capacity 138625K, committed 138840K, reserved 376832K
  class space    used 16388K, capacity 17660K, committed 17752K, reserved 253952K
}
Event: 672.752 GC heap before
{Heap before GC invocations=124 (full 0):
 garbage-first heap   total 359424K, used 308264K [0x00000000e0000000, 0x0000000100000000)
  region size 1024K, 87 young (89088K), 6 survivors (6144K)
 Metaspace       used 135179K, capacity 138625K, committed 138840K, reserved 376832K
  class space    used 16388K, capacity 17660K, committed 17752K, reserved 253952K
}
Event: 672.760 GC heap after
{Heap after GC invocations=125 (full 0):
 garbage-first heap   total 359424K, used 226991K [0x00000000e0000000, 0x0000000100000000)
  region size 1024K, 8 young (8192K), 8 survivors (8192K)
 Metaspace       used 135179K, capacity 138625K, committed 138840K, reserved 376832K
  class space    used 16388K, capacity 17660K, committed 17752K, reserved 253952K
}
Event: 672.928 GC heap before
{Heap before GC invocations=125 (full 0):
 garbage-first heap   total 359424K, used 308911K [0x00000000e0000000, 0x0000000100000000)
  region size 1024K, 89 young (91136K), 8 survivors (8192K)
 Metaspace       used 135190K, capacity 138631K, committed 138840K, reserved 376832K
  class space    used 16389K, capacity 17662K, committed 17752K, reserved 253952K
}
Event: 672.939 GC heap after
{Heap after GC invocations=126 (full 0):
 garbage-first heap   total 359424K, used 230863K [0x00000000e0000000, 0x0000000100000000)
  region size 1024K, 10 young (10240K), 10 survivors (10240K)
 Metaspace       used 135190K, capacity 138631K, committed 138840K, reserved 376832K
  class space    used 16389K, capacity 17662K, committed 17752K, reserved 253952K
}
Event: 673.033 GC heap before
{Heap before GC invocations=126 (full 0):
 garbage-first heap   total 359424K, used 309711K [0x00000000e0000000, 0x0000000100000000)
  region size 1024K, 87 young (89088K), 10 survivors (10240K)
 Metaspace       used 135191K, capacity 138631K, committed 138840K, reserved 376832K
  class space    used 16389K, capacity 17662K, committed 17752K, reserved 253952K
}
Event: 673.044 GC heap after
{Heap after GC invocations=127 (full 0):
 garbage-first heap   total 359424K, used 233265K [0x00000000e0000000, 0x0000000100000000)
  region size 1024K, 8 young (8192K), 8 survivors (8192K)
 Metaspace       used 135191K, capacity 138631K, committed 138840K, reserved 376832K
  class space    used 16389K, capacity 17662K, committed 17752K, reserved 253952K
}
Event: 673.204 GC heap before
{Heap before GC invocations=127 (full 0):
 garbage-first heap   total 359424K, used 311089K [0x00000000e0000000, 0x0000000100000000)
  region size 1024K, 84 young (86016K), 8 survivors (8192K)
 Metaspace       used 135228K, capacity 138709K, committed 138840K, reserved 376832K
  class space    used 16394K, capacity 17666K, committed 17752K, reserved 253952K
}

